<?xml version="1.0" encoding="UTF-8"?>
<!-- Generated by org.testng.reporters.JUnitReportReporter -->
<testsuite hostname="DESKTOP-8LNME7Q" failures="0" tests="1" name="test.TestNG_GoogleSearch" time="14.551" errors="0" timestamp="2024-08-20T17:51:03 IST" skipped="0">
  <testcase classname="test.TestNG_GoogleSearch" name="googleSearch" time="14.551"/>
</testsuite> <!-- test.TestNG_GoogleSearch -->
